<?xml version="1.0" encoding="UTF-8"?>
<!-- Generated by org.testng.reporters.JUnitReportReporter -->
<testsuite hostname="Amrit_Prashant" failures="0" tests="1" name="script.DemoTest" time="12.742" errors="0" timestamp="2023-09-13T20:38:38 IST" skipped="0">
  <testcase classname="script.DemoTest" name="testA" time="12.742">
    <system-out>
      <![CDATA[actiTIME - Login
RC:3
CC:3
value: Bhanu]]>
    </system-out>
  </testcase> <!-- testA -->
  <system-out>
    <![CDATA[actiTIME - Login
RC:3
CC:3
value: Bhanu
actiTIME - Login
Home Page is NOT displayed]]>
  </system-out>
</testsuite> <!-- script.DemoTest -->
