<?xml version="1.0" encoding="UTF-8"?>
<!-- Generated by org.testng.reporters.JUnitReportReporter -->
<testsuite hostname="Amrit_Prashant" failures="0" tests="1" name="script.InvalidLogin" time="19.440" errors="0" timestamp="2023-09-14T19:33:19 IST" skipped="0">
  <testcase classname="script.InvalidLogin" name="testInvalidLogin" time="19.440">
    <system-out>
      <![CDATA[Err Msg is displayed]]>
    </system-out>
  </testcase> <!-- testInvalidLogin -->
  <system-out>
    <![CDATA[Err Msg is displayed]]>
  </system-out>
</testsuite> <!-- script.InvalidLogin -->
